[2.341s] DEBUG:colcon:Command line arguments: ['/usr/bin/colcon', 'build']
[2.341s] DEBUG:colcon:Parsed command line arguments: Namespace(allow_overriding=[], ament_cmake_args=None, base_paths=['.'], build_base='build', catkin_cmake_args=None, catkin_skip_building_tests=False, cmake_args=None, cmake_clean_cache=False, cmake_clean_first=False, cmake_force_configure=False, cmake_target=None, cmake_target_skip_unavailable=False, continue_on_error=False, event_handlers=None, executor='parallel', ignore_user_meta=False, install_base='install', log_base=None, log_level=None, main=<bound method BuildVerb.main of <colcon_core.verb.build.BuildVerb object at 0x71a5c613bbb0>>, merge_install=False, metas=['./colcon.meta'], packages_above=None, packages_above_and_dependencies=None, packages_above_depth=None, packages_end=None, packages_ignore=None, packages_ignore_regex=None, packages_select=None, packages_select_build_failed=False, packages_select_by_dep=None, packages_select_regex=None, packages_select_test_failures=False, packages_skip=None, packages_skip_build_finished=False, packages_skip_by_dep=None, packages_skip_regex=None, packages_skip_test_passed=False, packages_skip_up_to=None, packages_start=None, packages_up_to=None, packages_up_to_regex=None, parallel_workers=16, paths=None, symlink_install=False, test_result_base=None, verb_extension=<colcon_core.verb.build.BuildVerb object at 0x71a5c613bbb0>, verb_name='build', verb_parser=<colcon_defaults.argument_parser.defaults.DefaultArgumentsDecorator object at 0x71a5c5c13b20>)
[2.393s] ERROR:colcon.colcon_core.extension_point:Exception loading extension 'colcon_core.package_identification.python_setup_py': module 'importlib_metadata' has no attribute 'EntryPoints'
Traceback (most recent call last):
  File "/usr/lib/python3/dist-packages/colcon_core/extension_point.py", line 116, in load_extension_points
    extension_type = load_extension_point(name, value, group)
  File "/usr/lib/python3/dist-packages/colcon_core/extension_point.py", line 157, in load_extension_point
    return EntryPoint(name, value, group).load()
  File "/usr/lib/python3.8/importlib/metadata.py", line 77, in load
    module = import_module(match.group('module'))
  File "/usr/lib/python3.8/importlib/__init__.py", line 127, in import_module
    return _bootstrap._gcd_import(name[level:], package, level)
  File "<frozen importlib._bootstrap>", line 1014, in _gcd_import
  File "<frozen importlib._bootstrap>", line 991, in _find_and_load
  File "<frozen importlib._bootstrap>", line 975, in _find_and_load_unlocked
  File "<frozen importlib._bootstrap>", line 671, in _load_unlocked
  File "<frozen importlib._bootstrap_external>", line 848, in exec_module
  File "<frozen importlib._bootstrap>", line 219, in _call_with_frames_removed
  File "/usr/lib/python3/dist-packages/colcon_python_setup_py/package_identification/python_setup_py.py", line 9, in <module>
    import setuptools
  File "/home/admin/.local/lib/python3.8/site-packages/setuptools/__init__.py", line 27, in <module>
    from .dist import Distribution
  File "/home/admin/.local/lib/python3.8/site-packages/setuptools/dist.py", line 30, in <module>
    from . import (
  File "/home/admin/.local/lib/python3.8/site-packages/setuptools/_entry_points.py", line 45, in <module>
    def validate(eps: metadata.EntryPoints):
AttributeError: module 'importlib_metadata' has no attribute 'EntryPoints'

[2.452s] Level 1:colcon.colcon_core.package_discovery:discover_packages(colcon_meta) check parameters
[2.452s] Level 1:colcon.colcon_core.package_discovery:discover_packages(recursive) check parameters
[2.452s] Level 1:colcon.colcon_core.package_discovery:discover_packages(ignore) check parameters
[2.452s] Level 1:colcon.colcon_core.package_discovery:discover_packages(path) check parameters
[2.452s] Level 1:colcon.colcon_core.package_discovery:discover_packages(colcon_meta) discover
[2.452s] Level 1:colcon.colcon_core.package_discovery:discover_packages(recursive) discover
[2.453s] INFO:colcon.colcon_core.package_discovery:Crawling recursively for packages in '/workspaces/isaac_ros-dev/ros2'
[2.453s] Level 1:colcon.colcon_core.package_identification:_identify(.) by extensions ['ignore', 'ignore_ament_install']
[2.453s] Level 1:colcon.colcon_core.package_identification:_identify(.) by extension 'ignore'
[2.453s] Level 1:colcon.colcon_core.package_identification:_identify(.) by extension 'ignore_ament_install'
[2.453s] Level 1:colcon.colcon_core.package_identification:_identify(.) by extensions ['colcon_pkg']
[2.453s] Level 1:colcon.colcon_core.package_identification:_identify(.) by extension 'colcon_pkg'
[2.453s] Level 1:colcon.colcon_core.package_identification:_identify(.) by extensions ['colcon_meta']
[2.453s] Level 1:colcon.colcon_core.package_identification:_identify(.) by extension 'colcon_meta'
[2.453s] Level 1:colcon.colcon_core.package_identification:_identify(.) by extensions ['ros']
[2.453s] Level 1:colcon.colcon_core.package_identification:_identify(.) by extension 'ros'
[2.456s] Level 1:colcon.colcon_core.package_identification:_identify(.) by extensions ['cmake', 'python']
[2.456s] Level 1:colcon.colcon_core.package_identification:_identify(.) by extension 'cmake'
[2.456s] Level 1:colcon.colcon_core.package_identification:_identify(.) by extension 'python'
[2.457s] Level 1:colcon.colcon_core.package_identification:_identify(build) by extensions ['ignore', 'ignore_ament_install']
[2.457s] Level 1:colcon.colcon_core.package_identification:_identify(build) by extension 'ignore'
[2.457s] Level 1:colcon.colcon_core.package_identification:_identify(build) ignored
[2.457s] Level 1:colcon.colcon_core.package_identification:_identify(install) by extensions ['ignore', 'ignore_ament_install']
[2.457s] Level 1:colcon.colcon_core.package_identification:_identify(install) by extension 'ignore'
[2.457s] Level 1:colcon.colcon_core.package_identification:_identify(install) ignored
[2.457s] Level 1:colcon.colcon_core.package_identification:_identify(log) by extensions ['ignore', 'ignore_ament_install']
[2.457s] Level 1:colcon.colcon_core.package_identification:_identify(log) by extension 'ignore'
[2.457s] Level 1:colcon.colcon_core.package_identification:_identify(log) ignored
[2.457s] Level 1:colcon.colcon_core.package_identification:_identify(src) by extensions ['ignore', 'ignore_ament_install']
[2.457s] Level 1:colcon.colcon_core.package_identification:_identify(src) by extension 'ignore'
[2.457s] Level 1:colcon.colcon_core.package_identification:_identify(src) by extension 'ignore_ament_install'
[2.457s] Level 1:colcon.colcon_core.package_identification:_identify(src) by extensions ['colcon_pkg']
[2.457s] Level 1:colcon.colcon_core.package_identification:_identify(src) by extension 'colcon_pkg'
[2.457s] Level 1:colcon.colcon_core.package_identification:_identify(src) by extensions ['colcon_meta']
[2.457s] Level 1:colcon.colcon_core.package_identification:_identify(src) by extension 'colcon_meta'
[2.457s] Level 1:colcon.colcon_core.package_identification:_identify(src) by extensions ['ros']
[2.457s] Level 1:colcon.colcon_core.package_identification:_identify(src) by extension 'ros'
[2.458s] Level 1:colcon.colcon_core.package_identification:_identify(src) by extensions ['cmake', 'python']
[2.458s] Level 1:colcon.colcon_core.package_identification:_identify(src) by extension 'cmake'
[2.458s] Level 1:colcon.colcon_core.package_identification:_identify(src) by extension 'python'
[2.458s] Level 1:colcon.colcon_core.package_identification:_identify(src/qcar2_interfaces) by extensions ['ignore', 'ignore_ament_install']
[2.458s] Level 1:colcon.colcon_core.package_identification:_identify(src/qcar2_interfaces) by extension 'ignore'
[2.458s] Level 1:colcon.colcon_core.package_identification:_identify(src/qcar2_interfaces) by extension 'ignore_ament_install'
[2.458s] Level 1:colcon.colcon_core.package_identification:_identify(src/qcar2_interfaces) by extensions ['colcon_pkg']
[2.458s] Level 1:colcon.colcon_core.package_identification:_identify(src/qcar2_interfaces) by extension 'colcon_pkg'
[2.458s] Level 1:colcon.colcon_core.package_identification:_identify(src/qcar2_interfaces) by extensions ['colcon_meta']
[2.458s] Level 1:colcon.colcon_core.package_identification:_identify(src/qcar2_interfaces) by extension 'colcon_meta'
[2.458s] Level 1:colcon.colcon_core.package_identification:_identify(src/qcar2_interfaces) by extensions ['ros']
[2.458s] Level 1:colcon.colcon_core.package_identification:_identify(src/qcar2_interfaces) by extension 'ros'
[2.461s] DEBUG:colcon.colcon_core.package_identification:Package 'src/qcar2_interfaces' with type 'ros.ament_cmake' and name 'qcar2_interfaces'
[2.461s] Level 1:colcon.colcon_core.package_identification:_identify(src/qcar2_nodes) by extensions ['ignore', 'ignore_ament_install']
[2.461s] Level 1:colcon.colcon_core.package_identification:_identify(src/qcar2_nodes) by extension 'ignore'
[2.461s] Level 1:colcon.colcon_core.package_identification:_identify(src/qcar2_nodes) by extension 'ignore_ament_install'
[2.461s] Level 1:colcon.colcon_core.package_identification:_identify(src/qcar2_nodes) by extensions ['colcon_pkg']
[2.461s] Level 1:colcon.colcon_core.package_identification:_identify(src/qcar2_nodes) by extension 'colcon_pkg'
[2.461s] Level 1:colcon.colcon_core.package_identification:_identify(src/qcar2_nodes) by extensions ['colcon_meta']
[2.461s] Level 1:colcon.colcon_core.package_identification:_identify(src/qcar2_nodes) by extension 'colcon_meta'
[2.461s] Level 1:colcon.colcon_core.package_identification:_identify(src/qcar2_nodes) by extensions ['ros']
[2.461s] Level 1:colcon.colcon_core.package_identification:_identify(src/qcar2_nodes) by extension 'ros'
[2.462s] DEBUG:colcon.colcon_core.package_identification:Package 'src/qcar2_nodes' with type 'ros.ament_cmake' and name 'qcar2_nodes'
[2.462s] Level 1:colcon.colcon_core.package_discovery:discover_packages(recursive) using defaults
[2.462s] Level 1:colcon.colcon_core.package_discovery:discover_packages(ignore) discover
[2.462s] Level 1:colcon.colcon_core.package_discovery:discover_packages(ignore) using defaults
[2.462s] Level 1:colcon.colcon_core.package_discovery:discover_packages(path) discover
[2.462s] Level 1:colcon.colcon_core.package_discovery:discover_packages(path) using defaults
[2.560s] ERROR:colcon.colcon_core.extension_point:Exception loading extension 'colcon_core.package_augmentation.python_setup_py': module 'importlib_metadata' has no attribute 'EntryPoints'
Traceback (most recent call last):
  File "/usr/lib/python3/dist-packages/colcon_core/extension_point.py", line 116, in load_extension_points
    extension_type = load_extension_point(name, value, group)
  File "/usr/lib/python3/dist-packages/colcon_core/extension_point.py", line 157, in load_extension_point
    return EntryPoint(name, value, group).load()
  File "/usr/lib/python3.8/importlib/metadata.py", line 77, in load
    module = import_module(match.group('module'))
  File "/usr/lib/python3.8/importlib/__init__.py", line 127, in import_module
    return _bootstrap._gcd_import(name[level:], package, level)
  File "<frozen importlib._bootstrap>", line 1014, in _gcd_import
  File "<frozen importlib._bootstrap>", line 991, in _find_and_load
  File "<frozen importlib._bootstrap>", line 975, in _find_and_load_unlocked
  File "<frozen importlib._bootstrap>", line 671, in _load_unlocked
  File "<frozen importlib._bootstrap_external>", line 848, in exec_module
  File "<frozen importlib._bootstrap>", line 219, in _call_with_frames_removed
  File "/usr/lib/python3/dist-packages/colcon_python_setup_py/package_augmentation/python_setup_py.py", line 9, in <module>
    from colcon_python_setup_py.package_identification.python_setup_py import \
  File "/usr/lib/python3/dist-packages/colcon_python_setup_py/package_identification/python_setup_py.py", line 9, in <module>
    import setuptools
  File "/home/admin/.local/lib/python3.8/site-packages/setuptools/__init__.py", line 27, in <module>
    from .dist import Distribution
  File "/home/admin/.local/lib/python3.8/site-packages/setuptools/dist.py", line 30, in <module>
    from . import (
  File "/home/admin/.local/lib/python3.8/site-packages/setuptools/_entry_points.py", line 45, in <module>
    def validate(eps: metadata.EntryPoints):
AttributeError: module 'importlib_metadata' has no attribute 'EntryPoints'

[2.562s] ERROR:colcon.colcon_core.extension_point:Exception loading extension 'colcon_core.package_augmentation.ros_ament_python': module 'importlib_metadata' has no attribute 'EntryPoints'
Traceback (most recent call last):
  File "/usr/lib/python3/dist-packages/colcon_core/extension_point.py", line 116, in load_extension_points
    extension_type = load_extension_point(name, value, group)
  File "/usr/lib/python3/dist-packages/colcon_core/extension_point.py", line 157, in load_extension_point
    return EntryPoint(name, value, group).load()
  File "/usr/lib/python3.8/importlib/metadata.py", line 77, in load
    module = import_module(match.group('module'))
  File "/usr/lib/python3.8/importlib/__init__.py", line 127, in import_module
    return _bootstrap._gcd_import(name[level:], package, level)
  File "<frozen importlib._bootstrap>", line 1014, in _gcd_import
  File "<frozen importlib._bootstrap>", line 991, in _find_and_load
  File "<frozen importlib._bootstrap>", line 975, in _find_and_load_unlocked
  File "<frozen importlib._bootstrap>", line 671, in _load_unlocked
  File "<frozen importlib._bootstrap_external>", line 848, in exec_module
  File "<frozen importlib._bootstrap>", line 219, in _call_with_frames_removed
  File "/usr/lib/python3/dist-packages/colcon_ros/package_augmentation/ros_ament_python.py", line 8, in <module>
    from colcon_python_setup_py.package_identification.python_setup_py \
  File "/usr/lib/python3/dist-packages/colcon_python_setup_py/package_identification/python_setup_py.py", line 9, in <module>
    import setuptools
  File "/home/admin/.local/lib/python3.8/site-packages/setuptools/__init__.py", line 27, in <module>
    from .dist import Distribution
  File "/home/admin/.local/lib/python3.8/site-packages/setuptools/dist.py", line 30, in <module>
    from . import (
  File "/home/admin/.local/lib/python3.8/site-packages/setuptools/_entry_points.py", line 45, in <module>
    def validate(eps: metadata.EntryPoints):
AttributeError: module 'importlib_metadata' has no attribute 'EntryPoints'

[2.683s] Level 1:colcon.colcon_core.package_discovery:discover_packages(prefix_path) check parameters
[2.683s] Level 1:colcon.colcon_core.package_discovery:discover_packages(prefix_path) discover
[2.724s] WARNING:colcon.colcon_ros.prefix_path.ament:The path '/workspaces/isaac_ros-dev/ros2/install/qcar2_nodes' in the environment variable AMENT_PREFIX_PATH doesn't exist
[2.725s] WARNING:colcon.colcon_ros.prefix_path.catkin:The path '/workspaces/isaac_ros-dev/ros2/install/qcar2_nodes' in the environment variable CMAKE_PREFIX_PATH doesn't exist
[2.767s] DEBUG:colcon.colcon_installed_package_information.package_discovery:Found 1 installed packages in /workspaces/isaac_ros-dev/ros2/install
[2.808s] DEBUG:colcon.colcon_installed_package_information.package_discovery:Found 294 installed packages in /opt/ros/humble
[2.810s] Level 1:colcon.colcon_core.package_discovery:discover_packages(prefix_path) using defaults
[2.982s] Level 5:colcon.colcon_core.verb:set package 'qcar2_interfaces' build argument 'cmake_args' from command line to 'None'
[2.982s] Level 5:colcon.colcon_core.verb:set package 'qcar2_interfaces' build argument 'cmake_target' from command line to 'None'
[2.982s] Level 5:colcon.colcon_core.verb:set package 'qcar2_interfaces' build argument 'cmake_target_skip_unavailable' from command line to 'False'
[2.982s] Level 5:colcon.colcon_core.verb:set package 'qcar2_interfaces' build argument 'cmake_clean_cache' from command line to 'False'
[2.982s] Level 5:colcon.colcon_core.verb:set package 'qcar2_interfaces' build argument 'cmake_clean_first' from command line to 'False'
[2.982s] Level 5:colcon.colcon_core.verb:set package 'qcar2_interfaces' build argument 'cmake_force_configure' from command line to 'False'
[2.982s] Level 5:colcon.colcon_core.verb:set package 'qcar2_interfaces' build argument 'ament_cmake_args' from command line to 'None'
[2.982s] Level 5:colcon.colcon_core.verb:set package 'qcar2_interfaces' build argument 'catkin_cmake_args' from command line to 'None'
[2.982s] Level 5:colcon.colcon_core.verb:set package 'qcar2_interfaces' build argument 'catkin_skip_building_tests' from command line to 'False'
[2.982s] DEBUG:colcon.colcon_core.verb:Building package 'qcar2_interfaces' with the following arguments: {'ament_cmake_args': None, 'build_base': '/workspaces/isaac_ros-dev/ros2/build/qcar2_interfaces', 'catkin_cmake_args': None, 'catkin_skip_building_tests': False, 'cmake_args': None, 'cmake_clean_cache': False, 'cmake_clean_first': False, 'cmake_force_configure': False, 'cmake_target': None, 'cmake_target_skip_unavailable': False, 'install_base': '/workspaces/isaac_ros-dev/ros2/install/qcar2_interfaces', 'merge_install': False, 'path': '/workspaces/isaac_ros-dev/ros2/src/qcar2_interfaces', 'symlink_install': False, 'test_result_base': None}
[3.022s] Level 5:colcon.colcon_core.verb:set package 'qcar2_nodes' build argument 'cmake_args' from command line to 'None'
[3.022s] Level 5:colcon.colcon_core.verb:set package 'qcar2_nodes' build argument 'cmake_target' from command line to 'None'
[3.022s] Level 5:colcon.colcon_core.verb:set package 'qcar2_nodes' build argument 'cmake_target_skip_unavailable' from command line to 'False'
[3.022s] Level 5:colcon.colcon_core.verb:set package 'qcar2_nodes' build argument 'cmake_clean_cache' from command line to 'False'
[3.022s] Level 5:colcon.colcon_core.verb:set package 'qcar2_nodes' build argument 'cmake_clean_first' from command line to 'False'
[3.022s] Level 5:colcon.colcon_core.verb:set package 'qcar2_nodes' build argument 'cmake_force_configure' from command line to 'False'
[3.022s] Level 5:colcon.colcon_core.verb:set package 'qcar2_nodes' build argument 'ament_cmake_args' from command line to 'None'
[3.022s] Level 5:colcon.colcon_core.verb:set package 'qcar2_nodes' build argument 'catkin_cmake_args' from command line to 'None'
[3.022s] Level 5:colcon.colcon_core.verb:set package 'qcar2_nodes' build argument 'catkin_skip_building_tests' from command line to 'False'
[3.022s] DEBUG:colcon.colcon_core.verb:Building package 'qcar2_nodes' with the following arguments: {'ament_cmake_args': None, 'build_base': '/workspaces/isaac_ros-dev/ros2/build/qcar2_nodes', 'catkin_cmake_args': None, 'catkin_skip_building_tests': False, 'cmake_args': None, 'cmake_clean_cache': False, 'cmake_clean_first': False, 'cmake_force_configure': False, 'cmake_target': None, 'cmake_target_skip_unavailable': False, 'install_base': '/workspaces/isaac_ros-dev/ros2/install/qcar2_nodes', 'merge_install': False, 'path': '/workspaces/isaac_ros-dev/ros2/src/qcar2_nodes', 'symlink_install': False, 'test_result_base': None}
[3.063s] INFO:colcon.colcon_core.executor:Executing jobs using 'parallel' executor
[3.108s] DEBUG:colcon.colcon_parallel_executor.executor.parallel:run_until_complete
[3.108s] INFO:colcon.colcon_ros.task.ament_cmake.build:Building ROS package in '/workspaces/isaac_ros-dev/ros2/src/qcar2_interfaces' with build type 'ament_cmake'
[3.108s] INFO:colcon.colcon_cmake.task.cmake.build:Building CMake package in '/workspaces/isaac_ros-dev/ros2/src/qcar2_interfaces'
[3.152s] INFO:colcon.colcon_core.plugin_system:Skipping extension 'colcon_core.shell.bat': Not used on non-Windows systems
[3.152s] INFO:colcon.colcon_core.shell:Skip shell extension 'powershell' for command environment: Not usable outside of PowerShell
[3.152s] DEBUG:colcon.colcon_core.shell:Skip shell extension 'dsv' for command environment
[3.294s] DEBUG:colcon.colcon_core.event_handler.log_command:Invoking command in '/workspaces/isaac_ros-dev/ros2/build/qcar2_interfaces': CMAKE_PREFIX_PATH=${CMAKE_PREFIX_PATH}:/workspaces/isaac_ros-dev/ros2/install/qcar_wasd_controller:/opt/ros/humble _=/usr/bin/env /usr/bin/cmake --build /workspaces/isaac_ros-dev/ros2/build/qcar2_interfaces -- -j16 -l16
[4.634s] DEBUG:colcon.colcon_core.event_handler.log_command:Invoked command in '/workspaces/isaac_ros-dev/ros2/build/qcar2_interfaces' returned '2': CMAKE_PREFIX_PATH=${CMAKE_PREFIX_PATH}:/workspaces/isaac_ros-dev/ros2/install/qcar_wasd_controller:/opt/ros/humble _=/usr/bin/env /usr/bin/cmake --build /workspaces/isaac_ros-dev/ros2/build/qcar2_interfaces -- -j16 -l16
[5.524s] Level 1:colcon.colcon_core.environment:create_environment_scripts_only(qcar2_interfaces)
[5.565s] Level 1:colcon.colcon_core.environment:checking '/workspaces/isaac_ros-dev/ros2/install/qcar2_interfaces' for CMake module files
[5.566s] Level 1:colcon.colcon_core.environment:checking '/workspaces/isaac_ros-dev/ros2/install/qcar2_interfaces' for CMake config files
[5.566s] Level 1:colcon.colcon_core.environment:checking '/workspaces/isaac_ros-dev/ros2/install/qcar2_interfaces/bin'
[5.567s] Level 1:colcon.colcon_core.environment:checking '/workspaces/isaac_ros-dev/ros2/install/qcar2_interfaces/lib/pkgconfig/qcar2_interfaces.pc'
[5.567s] Level 1:colcon.colcon_core.environment:checking '/workspaces/isaac_ros-dev/ros2/install/qcar2_interfaces/lib/python3.8/site-packages'
[5.567s] Level 1:colcon.colcon_core.environment:checking '/workspaces/isaac_ros-dev/ros2/install/qcar2_interfaces/bin'
[5.606s] INFO:colcon.colcon_core.shell:Creating package script '/workspaces/isaac_ros-dev/ros2/install/qcar2_interfaces/share/qcar2_interfaces/package.ps1'
[5.608s] INFO:colcon.colcon_core.shell:Creating package descriptor '/workspaces/isaac_ros-dev/ros2/install/qcar2_interfaces/share/qcar2_interfaces/package.dsv'
[5.608s] INFO:colcon.colcon_core.shell:Creating package script '/workspaces/isaac_ros-dev/ros2/install/qcar2_interfaces/share/qcar2_interfaces/package.sh'
[5.609s] INFO:colcon.colcon_core.shell:Creating package script '/workspaces/isaac_ros-dev/ros2/install/qcar2_interfaces/share/qcar2_interfaces/package.bash'
[5.609s] INFO:colcon.colcon_core.shell:Creating package script '/workspaces/isaac_ros-dev/ros2/install/qcar2_interfaces/share/qcar2_interfaces/package.zsh'
[5.610s] Level 1:colcon.colcon_core.environment:create_file_with_runtime_dependencies(/workspaces/isaac_ros-dev/ros2/install/qcar2_interfaces/share/colcon-core/packages/qcar2_interfaces)
[5.620s] DEBUG:colcon.colcon_parallel_executor.executor.parallel:closing loop
[5.621s] DEBUG:colcon.colcon_parallel_executor.executor.parallel:loop closed
[5.621s] DEBUG:colcon.colcon_parallel_executor.executor.parallel:run_until_complete finished with '2'
[5.621s] DEBUG:colcon.colcon_core.event_reactor:joining thread
[5.675s] INFO:colcon.colcon_core.plugin_system:Skipping extension 'colcon_notification.desktop_notification.notify_send': Could not find 'notify-send'
[5.675s] INFO:colcon.colcon_core.plugin_system:Skipping extension 'colcon_notification.desktop_notification.terminal_notifier': Not used on non-Darwin systems
[5.675s] INFO:colcon.colcon_core.plugin_system:Skipping extension 'colcon_notification.desktop_notification.win32': Not used on non-Windows systems
[5.675s] INFO:colcon.colcon_notification.desktop_notification:Sending desktop notification using 'notify2'
[5.679s] DEBUG:colcon.colcon_notification.desktop_notification.notify2:Failed to initialize notify2: org.freedesktop.DBus.Error.Spawn.ExecFailed: /usr/bin/dbus-launch terminated abnormally without any error message
[5.679s] DEBUG:colcon.colcon_core.event_reactor:joined thread
[5.724s] INFO:colcon.colcon_core.shell:Creating prefix script '/workspaces/isaac_ros-dev/ros2/install/local_setup.ps1'
[5.725s] INFO:colcon.colcon_core.shell:Creating prefix util module '/workspaces/isaac_ros-dev/ros2/install/_local_setup_util_ps1.py'
[5.726s] INFO:colcon.colcon_core.shell:Creating prefix chain script '/workspaces/isaac_ros-dev/ros2/install/setup.ps1'
[5.768s] INFO:colcon.colcon_core.shell:Creating prefix script '/workspaces/isaac_ros-dev/ros2/install/local_setup.sh'
[5.768s] INFO:colcon.colcon_core.shell:Creating prefix util module '/workspaces/isaac_ros-dev/ros2/install/_local_setup_util_sh.py'
[5.769s] INFO:colcon.colcon_core.shell:Creating prefix chain script '/workspaces/isaac_ros-dev/ros2/install/setup.sh'
[5.810s] INFO:colcon.colcon_core.shell:Creating prefix script '/workspaces/isaac_ros-dev/ros2/install/local_setup.bash'
[5.810s] INFO:colcon.colcon_core.shell:Creating prefix chain script '/workspaces/isaac_ros-dev/ros2/install/setup.bash'
[5.852s] INFO:colcon.colcon_core.shell:Creating prefix script '/workspaces/isaac_ros-dev/ros2/install/local_setup.zsh'
[5.853s] INFO:colcon.colcon_core.shell:Creating prefix chain script '/workspaces/isaac_ros-dev/ros2/install/setup.zsh'
