[0.178s] Invoking command in '/workspaces/isaac_ros-dev/ros2/build/qcar2_interfaces': CMAKE_PREFIX_PATH=${CMAKE_PREFIX_PATH}:/workspaces/isaac_ros-dev/ros2/install/qcar_wasd_controller:/opt/ros/humble _=/usr/bin/env /usr/bin/cmake --build /workspaces/isaac_ros-dev/ros2/build/qcar2_interfaces -- -j16 -l16
[0.226s] [  2%] [34m[1mGenerating C code for ROS interfaces[0m
[0.247s] [  5%] [34m[1mGenerating C++ code for ROS interfaces[0m
[0.253s] [  5%] Built target ament_cmake_python_copy_qcar2_interfaces
[0.408s] Traceback (most recent call last):
[0.409s]   File "setup.py", line 1, in <module>
[0.409s]     from setuptools import find_packages
[0.409s]   File "/home/admin/.local/lib/python3.8/site-packages/setuptools/__init__.py", line 27, in <module>
[0.409s]     from .dist import Distribution
[0.409s]   File "/home/admin/.local/lib/python3.8/site-packages/setuptools/dist.py", line 30, in <module>
[0.409s]     from . import (
[0.409s]   File "/home/admin/.local/lib/python3.8/site-packages/setuptools/_entry_points.py", line 45, in <module>
[0.409s]     def validate(eps: metadata.EntryPoints):
[0.409s] AttributeError: module 'importlib_metadata' has no attribute 'EntryPoints'
[0.437s] make[2]: *** [CMakeFiles/ament_cmake_python_build_qcar2_interfaces_egg.dir/build.make:70: CMakeFiles/ament_cmake_python_build_qcar2_interfaces_egg] Error 1
[0.437s] make[1]: *** [CMakeFiles/Makefile2:447: CMakeFiles/ament_cmake_python_build_qcar2_interfaces_egg.dir/all] Error 2
[0.437s] make[1]: *** Waiting for unfinished jobs....
[0.574s] [ 10%] [32mBuilding C object CMakeFiles/qcar2_interfaces__rosidl_generator_c.dir/rosidl_generator_c/qcar2_interfaces/msg/detail/boolean_leds__functions.c.o[0m
[0.574s] [ 10%] [32mBuilding C object CMakeFiles/qcar2_interfaces__rosidl_generator_c.dir/rosidl_generator_c/qcar2_interfaces/msg/detail/motor_commands__functions.c.o[0m
[0.574s] [ 10%] Built target qcar2_interfaces__cpp
[0.638s] [ 12%] [32m[1mLinking C shared library libqcar2_interfaces__rosidl_generator_c.so[0m
[0.677s] [ 12%] Built target qcar2_interfaces__rosidl_generator_c
[0.678s] make: *** [Makefile:146: all] Error 2
[0.680s] Invoked command in '/workspaces/isaac_ros-dev/ros2/build/qcar2_interfaces' returned '2': CMAKE_PREFIX_PATH=${CMAKE_PREFIX_PATH}:/workspaces/isaac_ros-dev/ros2/install/qcar_wasd_controller:/opt/ros/humble _=/usr/bin/env /usr/bin/cmake --build /workspaces/isaac_ros-dev/ros2/build/qcar2_interfaces -- -j16 -l16
