[  5%] Built target qcar2_interfaces__cpp
[ 12%] Built target qcar2_interfaces__rosidl_generator_c
[ 12%] Built target ament_cmake_python_copy_qcar2_interfaces
[35m[1mConsolidate compiler generated dependencies of target qcar2_interfaces__rosidl_typesupport_introspection_c[0m
[35m[1mConsolidate compiler generated dependencies of target qcar2_interfaces__rosidl_typesupport_cpp[0m
[35m[1mConsolidate compiler generated dependencies of target qcar2_interfaces__rosidl_typesupport_fastrtps_c[0m
[35m[1mConsolidate compiler generated dependencies of target qcar2_interfaces__rosidl_typesupport_fastrtps_cpp[0m
[35m[1mConsolidate compiler generated dependencies of target qcar2_interfaces__rosidl_typesupport_c[0m
[35m[1mConsolidate compiler generated dependencies of target qcar2_interfaces__rosidl_typesupport_introspection_cpp[0m
[ 33%] Built target qcar2_interfaces__rosidl_typesupport_c
[ 33%] Built target qcar2_interfaces__rosidl_typesupport_introspection_c
[ 43%] Built target qcar2_interfaces__rosidl_typesupport_fastrtps_c
[ 53%] Built target qcar2_interfaces__rosidl_typesupport_introspection_cpp
[ 74%] Built target qcar2_interfaces__rosidl_typesupport_cpp
[ 74%] Built target qcar2_interfaces__rosidl_typesupport_fastrtps_cpp
[ 74%] Built target qcar2_interfaces
[ 76%] [34m[1mGenerating Python code for ROS interfaces[0m
Traceback (most recent call last):
  File "setup.py", line 1, in <module>
    from setuptools import find_packages
  File "/home/admin/.local/lib/python3.8/site-packages/setuptools/__init__.py", line 27, in <module>
    from .dist import Distribution
  File "/home/admin/.local/lib/python3.8/site-packages/setuptools/dist.py", line 30, in <module>
    from . import (
  File "/home/admin/.local/lib/python3.8/site-packages/setuptools/_entry_points.py", line 45, in <module>
    def validate(eps: metadata.EntryPoints):
AttributeError: module 'importlib_metadata' has no attribute 'EntryPoints'
make[2]: *** [CMakeFiles/ament_cmake_python_build_qcar2_interfaces_egg.dir/build.make:70: CMakeFiles/ament_cmake_python_build_qcar2_interfaces_egg] Error 1
make[1]: *** [CMakeFiles/Makefile2:447: CMakeFiles/ament_cmake_python_build_qcar2_interfaces_egg.dir/all] Error 2
make[1]: *** Waiting for unfinished jobs....
[ 76%] Built target qcar2_interfaces__py
make: *** [Makefile:146: all] Error 2
