[0.174s] Invoking command in '/workspaces/isaac_ros-dev/ros2/build/qcar2_interfaces': CMAKE_PREFIX_PATH=${CMAKE_PREFIX_PATH}:/workspaces/isaac_ros-dev/ros2/install/qcar_wasd_controller:/opt/ros/humble _=/usr/bin/env /usr/bin/cmake --build /workspaces/isaac_ros-dev/ros2/build/qcar2_interfaces -- -j16 -l16
[0.230s] [  5%] Built target qcar2_interfaces__cpp
[0.230s] [ 12%] Built target qcar2_interfaces__rosidl_generator_c
[0.235s] [ 12%] Built target ament_cmake_python_copy_qcar2_interfaces
[0.247s] [35m[1mConsolidate compiler generated dependencies of target qcar2_interfaces__rosidl_typesupport_introspection_c[0m
[0.247s] [35m[1mConsolidate compiler generated dependencies of target qcar2_interfaces__rosidl_typesupport_cpp[0m
[0.247s] [35m[1mConsolidate compiler generated dependencies of target qcar2_interfaces__rosidl_typesupport_fastrtps_c[0m
[0.247s] [35m[1mConsolidate compiler generated dependencies of target qcar2_interfaces__rosidl_typesupport_fastrtps_cpp[0m
[0.247s] [35m[1mConsolidate compiler generated dependencies of target qcar2_interfaces__rosidl_typesupport_c[0m
[0.248s] [35m[1mConsolidate compiler generated dependencies of target qcar2_interfaces__rosidl_typesupport_introspection_cpp[0m
[0.265s] [ 33%] Built target qcar2_interfaces__rosidl_typesupport_c
[0.265s] [ 33%] Built target qcar2_interfaces__rosidl_typesupport_introspection_c
[0.265s] [ 43%] Built target qcar2_interfaces__rosidl_typesupport_fastrtps_c
[0.265s] [ 53%] Built target qcar2_interfaces__rosidl_typesupport_introspection_cpp
[0.267s] [ 74%] Built target qcar2_interfaces__rosidl_typesupport_cpp
[0.267s] [ 74%] Built target qcar2_interfaces__rosidl_typesupport_fastrtps_cpp
[0.299s] [ 74%] Built target qcar2_interfaces
[0.333s] [ 76%] [34m[1mGenerating Python code for ROS interfaces[0m
[0.373s] Traceback (most recent call last):
[0.373s]   File "setup.py", line 1, in <module>
[0.374s]     from setuptools import find_packages
[0.374s]   File "/home/admin/.local/lib/python3.8/site-packages/setuptools/__init__.py", line 27, in <module>
[0.374s]     from .dist import Distribution
[0.374s]   File "/home/admin/.local/lib/python3.8/site-packages/setuptools/dist.py", line 30, in <module>
[0.374s]     from . import (
[0.374s]   File "/home/admin/.local/lib/python3.8/site-packages/setuptools/_entry_points.py", line 45, in <module>
[0.374s]     def validate(eps: metadata.EntryPoints):
[0.374s] AttributeError: module 'importlib_metadata' has no attribute 'EntryPoints'
[0.399s] make[2]: *** [CMakeFiles/ament_cmake_python_build_qcar2_interfaces_egg.dir/build.make:70: CMakeFiles/ament_cmake_python_build_qcar2_interfaces_egg] Error 1
[0.399s] make[1]: *** [CMakeFiles/Makefile2:447: CMakeFiles/ament_cmake_python_build_qcar2_interfaces_egg.dir/all] Error 2
[0.399s] make[1]: *** Waiting for unfinished jobs....
[0.741s] [ 76%] Built target qcar2_interfaces__py
[0.742s] make: *** [Makefile:146: all] Error 2
[0.744s] Invoked command in '/workspaces/isaac_ros-dev/ros2/build/qcar2_interfaces' returned '2': CMAKE_PREFIX_PATH=${CMAKE_PREFIX_PATH}:/workspaces/isaac_ros-dev/ros2/install/qcar_wasd_controller:/opt/ros/humble _=/usr/bin/env /usr/bin/cmake --build /workspaces/isaac_ros-dev/ros2/build/qcar2_interfaces -- -j16 -l16
